logged

logged

logged

logged

logged

logged

logged

logged

logged

logged

logged

logged

logged

logged

logged

logged

logged

logged

logged

logged

logged

logged

logged

logged

logged

logged

logged

logged

logged

logged

logged

logged

logged

logged

logged

logged

logged

logged

logged

logged

logged

logged

logged

logged

logged

logged

logged

logged

logged

logged

logged

logged

logged

logged

logged

logged

logged

logged

logged

logged

logged

logged

logged

logged

logged

logged

logged

logged

logged

logged

logged

logged

logged

logged

logged

logged

logged

logged

logged

logged

Time: 1383918560
Total sent: 2
Successes: 2
Failures: 0

logged

Time: 1383918693
Total sent: 2
Successes: 2
Failures: 0

logged

Time: 1383918824
Total sent: 2
Successes: 2
Failures: 0

logged

Time: 1383919024
Total sent: 2
Successes: 2
Failures: 0

logged

Time: 1383919224
Total sent: 2
Successes: 2
Failures: 0

logged

Time: 1383919299
Total sent: 2
Successes: 2
Failures: 0

logged

Time: 1383919424
Total sent: 2
Successes: 2
Failures: 0

logged

Time: 1383919500
Total sent: 2
Successes: 2
Failures: 0

logged

Time: 1383919624
Total sent: 2
Successes: 2
Failures: 0

logged

Time: 1383919824
Total sent: 2
Successes: 2
Failures: 0

logged

Time: 1383919905
Total sent: 2
Successes: 2
Failures: 0

logged

Time: 1383920024
Total sent: 2
Successes: 2
Failures: 0

logged

Time: 1383920107
Total sent: 2
Successes: 2
Failures: 0

logged

Time: 1383920224
Total sent: 2
Successes: 2
Failures: 0

logged

Time: 1383920490
Total sent: 2
Successes: 2
Failures: 0

logged

Time: 1383920690
Total sent: 2
Successes: 2
Failures: 0

logged

Time: 1383920712
Total sent: 2
Successes: 2
Failures: 0

logged

Time: 1383920891
Total sent: 2
Successes: 2
Failures: 0

logged

Time: 1383921090
Total sent: 2
Successes: 2
Failures: 0

logged

Time: 1383921318
Total sent: 2
Successes: 2
Failures: 0

logged

Time: 1383921520
Total sent: 2
Successes: 2
Failures: 0

logged

Time: 1383921722
Total sent: 2
Successes: 2
Failures: 0

logged

Time: 1383921924
Total sent: 2
Successes: 2
Failures: 0

logged

Time: 1383922127
Total sent: 2
Successes: 2
Failures: 0

logged

Time: 1383922328
Total sent: 2
Successes: 2
Failures: 0

logged

Time: 1383922571
Total sent: 2
Successes: 2
Failures: 0

logged

Time: 1383922773
Total sent: 2
Successes: 2
Failures: 0

logged

Time: 1383922975
Total sent: 2
Successes: 2
Failures: 0

logged

Time: 1383922985
Total sent: 2
Successes: 2
Failures: 0

logged

Time: 1383923177
Total sent: 2
Successes: 2
Failures: 0

logged

Time: 1383923378
Total sent: 2
Successes: 2
Failures: 0

logged

Time: 1383923581
Total sent: 2
Successes: 2
Failures: 0

logged

Time: 1383923766
Total sent: 2
Successes: 2
Failures: 0

logged

Time: 1383923873
Total sent: 2
Successes: 2
Failures: 0

logged

Time: 1383923937
Total sent: 2
Successes: 2
Failures: 0

logged

Time: 1383924179
Total sent: 2
Successes: 2
Failures: 0

logged

Time: 1384512136
Total sent: 0
Successes: 0
Failures: 0

logged

Time: 1384588832
Total sent: 100
Successes: 100
Failures: 0

logged

Time: 1384588891
Total sent: 27
Successes: 27
Failures: 0

logged

Time: 1384590808
Total sent: 100
Successes: 100
Failures: 0

logged

Time: 1384590924
Total sent: 27
Successes: 27
Failures: 0

logged

Time: 1384597407
Total sent: 13
Successes: 13
Failures: 0

logged

Time: 1384631979
Total sent: 57
Successes: 57
Failures: 0

logged

Time: 1384694011
Total sent: 100
Successes: 100
Failures: 0

logged

Time: 1384694127
Total sent: 100
Successes: 100
Failures: 0

logged

Time: 1384694251
Total sent: 100
Successes: 100
Failures: 0

logged

Time: 1384694368
Total sent: 66
Successes: 66
Failures: 0

logged

Time: 1384717167
Total sent: 22
Successes: 22
Failures: 0

logged

Time: 1384718619
Total sent: 100
Successes: 100
Failures: 0

logged

Time: 1384718724
Total sent: 11
Successes: 11
Failures: 0

logged

Time: 1384725482
Total sent: 86
Successes: 86
Failures: 0

logged

Time: 1384726795
Total sent: 100
Successes: 100
Failures: 0

logged

Time: 1384726799
Total sent: 100
Successes: 100
Failures: 0

logged

Time: 1384726951
Total sent: 58
Successes: 58
Failures: 0

logged

Time: 1384729324
Total sent: 100
Successes: 100
Failures: 0

logged

Time: 1384729475
Total sent: 58
Successes: 58
Failures: 0

logged

Time: 1384777435
Total sent: 36
Successes: 36
Failures: 0

logged

Time: 1384782609
Total sent: 74
Successes: 74
Failures: 0

logged

Time: 1384783312
Total sent: 6
Successes: 6
Failures: 0

logged

Time: 1384786676
Total sent: 100
Successes: 100
Failures: 0

logged

Time: 1384786801
Total sent: 12
Successes: 12
Failures: 0

logged

Time: 1384789918
Total sent: 100
Successes: 100
Failures: 0

logged

Time: 1384790041
Total sent: 12
Successes: 12
Failures: 0

logged

Time: 1384817668
Total sent: 100
Successes: 100
Failures: 0

logged

Time: 1384817771
Total sent: 100
Successes: 100
Failures: 0

logged

Time: 1384817932
Total sent: 78
Successes: 78
Failures: 0

